error: cannot pull with rebase: You have unstaged changes.
error: Please commit or stash them.
To https://github.com/alicesentient-cmyk/channel-monitor.git
   f5c848b..8366000  main -> main
From https://github.com/alicesentient-cmyk/channel-monitor
 * branch            main       -> FETCH_HEAD
To https://github.com/alicesentient-cmyk/channel-monitor.git
   87f6db3..b6456f9  main -> main
From https://github.com/alicesentient-cmyk/channel-monitor
 * branch            main       -> FETCH_HEAD
Everything up-to-date
fatal: Unable to create '/Users/mybot/channel-monitor/.git/index.lock': File exists.

Another git process seems to be running in this repository, e.g.
an editor opened by 'git commit'. Please make sure all processes
are terminated then try again. If it still fails, a git process
may have crashed in this repository earlier:
remove the file manually to continue.
fatal: Unable to create '/Users/mybot/channel-monitor/.git/index.lock': File exists.

Another git process seems to be running in this repository, e.g.
an editor opened by 'git commit'. Please make sure all processes
are terminated then try again. If it still fails, a git process
may have crashed in this repository earlier:
remove the file manually to continue.
From https://github.com/alicesentient-cmyk/channel-monitor
 * branch              main       -> FETCH_HEAD
To https://github.com/alicesentient-cmyk/channel-monitor.git
   b52db2e5..2412df18  main -> main
