[main 8366000] update: 2026-05-15 13:00
 5 files changed, 830 insertions(+), 126 deletions(-)
 create mode 100644 logs/publish.err.log
 create mode 100644 logs/publish.out.log
🧹 清除 38 条36小时前的消息
✅ 已更新 62 条消息到 data.json
✅ 已更新 index.html
✅ 已推送到GitHub
[main f935c4f] update: 2026-05-15 13:05
 2 files changed, 2 insertions(+), 2 deletions(-)
[main ca0b6ef] update: 2026-05-15 13:11
 2 files changed, 2 insertions(+), 2 deletions(-)
[main 1a763f9] update: 2026-05-15 13:16
 2 files changed, 2 insertions(+), 2 deletions(-)
[main 388ec4e] update: 2026-05-15 13:21
 2 files changed, 2 insertions(+), 2 deletions(-)
[main 2003238] update: 2026-05-15 13:26
 2 files changed, 2 insertions(+), 2 deletions(-)
[main faaae37] update: 2026-05-15 13:31
 2 files changed, 3 insertions(+), 19 deletions(-)
[main 328bb04] update: 2026-05-15 13:36
 2 files changed, 2 insertions(+), 2 deletions(-)
[main ca2ae31] update: 2026-05-15 13:41
 2 files changed, 2 insertions(+), 2 deletions(-)
[main 6b9687c] update: 2026-05-15 13:46
 2 files changed, 3 insertions(+), 27 deletions(-)
[main 13d0532] update: 2026-05-15 13:51
 2 files changed, 2 insertions(+), 2 deletions(-)
[main caf5ec2] update: 2026-05-15 13:56
 2 files changed, 2 insertions(+), 2 deletions(-)
[main 97571e2] update: 2026-05-15 14:01
 2 files changed, 2 insertions(+), 2 deletions(-)
[main 0e479fc] update: 2026-05-15 14:06
 2 files changed, 3 insertions(+), 19 deletions(-)
[main b6456f9] update: 2026-05-15 14:11
 2 files changed, 5 insertions(+), 32 deletions(-)
[main f873130] update: 2026-05-15 14:16
 2 files changed, 2 insertions(+), 2 deletions(-)
[main f399306] update: 2026-05-15 14:21
 2 files changed, 2 insertions(+), 2 deletions(-)
[main 3ab2a43] update: 2026-05-15 14:26
 2 files changed, 2 insertions(+), 2 deletions(-)
[main 7177142] update: 2026-05-15 14:31
 2 files changed, 2 insertions(+), 2 deletions(-)
[main d99a5d1] update: 2026-05-15 14:36
 2 files changed, 3 insertions(+), 23 deletions(-)
[main a524710] update: 2026-05-15 14:42
 2 files changed, 3 insertions(+), 31 deletions(-)
[main cef230d] update: 2026-05-15 14:47
 2 files changed, 2 insertions(+), 2 deletions(-)
[main 7952673] update: 2026-05-15 14:52
 2 files changed, 2 insertions(+), 2 deletions(-)
[main b57d6e6] update: 2026-05-15 14:57
 2 files changed, 2 insertions(+), 2 deletions(-)
[main 878e25e] update: 2026-05-15 15:02
 2 files changed, 2 insertions(+), 2 deletions(-)
[main 7537021] update: 2026-05-15 15:07
 2 files changed, 3 insertions(+), 19 deletions(-)
